<?xml version="1.0" encoding="UTF-8"?>
<!-- Generated by org.testng.reporters.JUnitXMLReporter -->
<testsuite ignored="0" hostname="DESKTOP-40VQOD4" failures="0" tests="6" name="Test" time="49.261" errors="0" timestamp="2024-10-16T14:32:28 BDT">
  <testcase classname="testCases.TC_001_RegistrationTest" name="Reg_test" time="2.685"/>
  <testcase classname="testCases.TC_002_LoginTest" name="loginTest" time="1.916"/>
  <testcase classname="testCases.TC_003_Login_DataDrivenTest" name="verifyLoginDDT" time="11.052"/>
  <testcase classname="testCases.TC_003_Login_DataDrivenTest" name="verifyLoginDDT" time="1.94"/>
  <testcase classname="testCases.TC_003_Login_DataDrivenTest" name="verifyLoginDDT" time="11.335"/>
  <testcase classname="testCases.TC_003_Login_DataDrivenTest" name="verifyLoginDDT" time="1.665"/>
</testsuite> <!-- Test -->
