<?xml version="1.0" encoding="UTF-8"?>
<!-- Generated by org.testng.reporters.JUnitXMLReporter -->
<testsuite ignored="0" hostname="DESKTOP-40VQOD4" failures="0" tests="6" name="Test" time="64.776" errors="0" timestamp="2024-10-13T22:45:17 BDT">
  <testcase classname="testCases.TC_001_RegistrationTest" name="Reg_test" time="2.63"/>
  <testcase classname="testCases.TC_002_LoginTest" name="loginTest" time="2.492"/>
  <testcase classname="testCases.TC_003_Login_DataDrivenTest" name="verifyLoginDDT" time="11.928"/>
  <testcase classname="testCases.TC_003_Login_DataDrivenTest" name="verifyLoginDDT" time="3.626"/>
  <testcase classname="testCases.TC_003_Login_DataDrivenTest" name="verifyLoginDDT" time="11.585"/>
  <testcase classname="testCases.TC_003_Login_DataDrivenTest" name="verifyLoginDDT" time="6.773"/>
</testsuite> <!-- Test -->
