<?xml version="1.0" encoding="UTF-8"?>
<!-- Generated by org.testng.reporters.JUnitXMLReporter -->
<testsuite ignored="0" hostname="DESKTOP-40VQOD4" failures="0" tests="6" name="Test" time="50.301" errors="0" timestamp="2024-10-10T04:38:30 BDT">
  <testcase classname="testCases.TC_001_RegistrationTest" name="Reg_test" time="2.548"/>
  <testcase classname="testCases.TC_002_LoginTest" name="loginTest" time="1.76"/>
  <testcase classname="testCases.TC_003_Login_DataDrivenTest" name="verifyLoginDDT" time="11.101"/>
  <testcase classname="testCases.TC_003_Login_DataDrivenTest" name="verifyLoginDDT" time="3.257"/>
  <testcase classname="testCases.TC_003_Login_DataDrivenTest" name="verifyLoginDDT" time="11.084"/>
  <testcase classname="testCases.TC_003_Login_DataDrivenTest" name="verifyLoginDDT" time="2.171"/>
</testsuite> <!-- Test -->
