<?xml version="1.0" encoding="UTF-8"?>
<testng-results ignored="0" total="6" passed="6" failed="0" skipped="0">
  <reporter-output>
  </reporter-output>
  <suite started-at="2024-10-16T14:31:37 BDT" name="MAster_Suite" finished-at="2024-10-16T14:32:26 BDT" duration-ms="49261">
    <groups>
    </groups>
    <test started-at="2024-10-16T14:31:37 BDT" name="Test" finished-at="2024-10-16T14:32:26 BDT" duration-ms="49261">
      <class name="testCases.TC_001_RegistrationTest">
        <test-method is-config="true" signature="setupBrowser(java.lang.String,java.lang.String)[pri:0, instance:testCases.TC_001_RegistrationTest@5b619d14]" started-at="2024-10-16T14:31:38 BDT" name="setupBrowser" finished-at="2024-10-16T14:31:49 BDT" duration-ms="11241" status="PASS">
          <params>
            <param index="0">
              <value>
                <![CDATA[Windows]]>
              </value>
            </param>
            <param index="1">
              <value>
                <![CDATA[chrome]]>
              </value>
            </param>
          </params>
          <reporter-output>
          </reporter-output>
        </test-method> <!-- setupBrowser -->
        <test-method signature="Reg_test()[pri:0, instance:testCases.TC_001_RegistrationTest@5b619d14]" started-at="2024-10-16T14:31:49 BDT" name="Reg_test" finished-at="2024-10-16T14:31:51 BDT" duration-ms="2685" status="PASS">
          <reporter-output>
          </reporter-output>
        </test-method> <!-- Reg_test -->
        <test-method is-config="true" signature="closetest()[pri:0, instance:testCases.TC_001_RegistrationTest@5b619d14]" started-at="2024-10-16T14:31:52 BDT" name="closetest" finished-at="2024-10-16T14:31:52 BDT" duration-ms="194" status="PASS">
          <reporter-output>
          </reporter-output>
        </test-method> <!-- closetest -->
      </class> <!-- testCases.TC_001_RegistrationTest -->
      <class name="testCases.TC_003_Login_DataDrivenTest">
        <test-method is-config="true" signature="setupBrowser(java.lang.String,java.lang.String)[pri:0, instance:testCases.TC_003_Login_DataDrivenTest@1817f1eb]" started-at="2024-10-16T14:31:56 BDT" name="setupBrowser" finished-at="2024-10-16T14:31:58 BDT" duration-ms="2317" status="PASS">
          <params>
            <param index="0">
              <value>
                <![CDATA[Windows]]>
              </value>
            </param>
            <param index="1">
              <value>
                <![CDATA[chrome]]>
              </value>
            </param>
          </params>
          <reporter-output>
          </reporter-output>
        </test-method> <!-- setupBrowser -->
        <test-method signature="verifyLoginDDT(java.lang.String,java.lang.String,java.lang.String)[pri:0, instance:testCases.TC_003_Login_DataDrivenTest@1817f1eb]" started-at="2024-10-16T14:32:00 BDT" name="verifyLoginDDT" data-provider="LoginData" finished-at="2024-10-16T14:32:11 BDT" duration-ms="11052" status="PASS">
          <params>
            <param index="0">
              <value>
                <![CDATA[ekhan4474@gmail.com]]>
              </value>
            </param>
            <param index="1">
              <value>
                <![CDATA[emran1234]]>
              </value>
            </param>
            <param index="2">
              <value>
                <![CDATA[Invalid]]>
              </value>
            </param>
          </params>
          <reporter-output>
          </reporter-output>
        </test-method> <!-- verifyLoginDDT -->
        <test-method signature="verifyLoginDDT(java.lang.String,java.lang.String,java.lang.String)[pri:0, instance:testCases.TC_003_Login_DataDrivenTest@1817f1eb]" started-at="2024-10-16T14:32:11 BDT" name="verifyLoginDDT" data-provider="LoginData" finished-at="2024-10-16T14:32:13 BDT" duration-ms="1940" status="PASS">
          <params>
            <param index="0">
              <value>
                <![CDATA[ekhan4475@gmail.com]]>
              </value>
            </param>
            <param index="1">
              <value>
                <![CDATA[emran1478]]>
              </value>
            </param>
            <param index="2">
              <value>
                <![CDATA[Valid]]>
              </value>
            </param>
          </params>
          <reporter-output>
          </reporter-output>
        </test-method> <!-- verifyLoginDDT -->
        <test-method signature="verifyLoginDDT(java.lang.String,java.lang.String,java.lang.String)[pri:0, instance:testCases.TC_003_Login_DataDrivenTest@1817f1eb]" started-at="2024-10-16T14:32:13 BDT" name="verifyLoginDDT" data-provider="LoginData" finished-at="2024-10-16T14:32:25 BDT" duration-ms="11335" status="PASS">
          <params>
            <param index="0">
              <value>
                <![CDATA[test123@gmail.com]]>
              </value>
            </param>
            <param index="1">
              <value>
                <![CDATA[emran434]]>
              </value>
            </param>
            <param index="2">
              <value>
                <![CDATA[Invalid]]>
              </value>
            </param>
          </params>
          <reporter-output>
          </reporter-output>
        </test-method> <!-- verifyLoginDDT -->
        <test-method signature="verifyLoginDDT(java.lang.String,java.lang.String,java.lang.String)[pri:0, instance:testCases.TC_003_Login_DataDrivenTest@1817f1eb]" started-at="2024-10-16T14:32:25 BDT" name="verifyLoginDDT" data-provider="LoginData" finished-at="2024-10-16T14:32:26 BDT" duration-ms="1665" status="PASS">
          <params>
            <param index="0">
              <value>
                <![CDATA[obujbalok23@gmail.com]]>
              </value>
            </param>
            <param index="1">
              <value>
                <![CDATA[test112863]]>
              </value>
            </param>
            <param index="2">
              <value>
                <![CDATA[Valid]]>
              </value>
            </param>
          </params>
          <reporter-output>
          </reporter-output>
        </test-method> <!-- verifyLoginDDT -->
        <test-method is-config="true" signature="closetest()[pri:0, instance:testCases.TC_003_Login_DataDrivenTest@1817f1eb]" started-at="2024-10-16T14:32:26 BDT" name="closetest" finished-at="2024-10-16T14:32:26 BDT" duration-ms="217" status="PASS">
          <reporter-output>
          </reporter-output>
        </test-method> <!-- closetest -->
      </class> <!-- testCases.TC_003_Login_DataDrivenTest -->
      <class name="testCases.TC_002_LoginTest">
        <test-method is-config="true" signature="setupBrowser(java.lang.String,java.lang.String)[pri:0, instance:testCases.TC_002_LoginTest@54dcfa5a]" started-at="2024-10-16T14:31:52 BDT" name="setupBrowser" finished-at="2024-10-16T14:31:54 BDT" duration-ms="2344" status="PASS">
          <params>
            <param index="0">
              <value>
                <![CDATA[Windows]]>
              </value>
            </param>
            <param index="1">
              <value>
                <![CDATA[chrome]]>
              </value>
            </param>
          </params>
          <reporter-output>
          </reporter-output>
        </test-method> <!-- setupBrowser -->
        <test-method signature="loginTest()[pri:0, instance:testCases.TC_002_LoginTest@54dcfa5a]" started-at="2024-10-16T14:31:54 BDT" name="loginTest" finished-at="2024-10-16T14:31:56 BDT" duration-ms="1916" status="PASS">
          <reporter-output>
          </reporter-output>
        </test-method> <!-- loginTest -->
        <test-method is-config="true" signature="closetest()[pri:0, instance:testCases.TC_002_LoginTest@54dcfa5a]" started-at="2024-10-16T14:31:56 BDT" name="closetest" finished-at="2024-10-16T14:31:56 BDT" duration-ms="187" status="PASS">
          <reporter-output>
          </reporter-output>
        </test-method> <!-- closetest -->
      </class> <!-- testCases.TC_002_LoginTest -->
    </test> <!-- Test -->
  </suite> <!-- MAster_Suite -->
</testng-results>
