<?xml version="1.0" encoding="UTF-8"?>
<testng-results ignored="0" total="1" passed="1" failed="0" skipped="0">
  <reporter-output>
  </reporter-output>
  <suite started-at="2024-10-06T12:42:10 BDT" name="Suite" finished-at="2024-10-06T12:42:54 BDT" duration-ms="44076">
    <groups>
    </groups>
    <test started-at="2024-10-06T12:42:10 BDT" name="Test" finished-at="2024-10-06T12:42:54 BDT" duration-ms="44076">
      <class name="testCases.TC_001_RegistrationTest">
        <test-method is-config="true" signature="setupBrowser(java.lang.String,java.lang.String)[pri:0, instance:testCases.TC_001_RegistrationTest@e84a8e1]" started-at="2024-10-06T12:42:10 BDT" name="setupBrowser" finished-at="2024-10-06T12:42:51 BDT" duration-ms="41140" status="PASS">
          <params>
            <param index="0">
              <value>
                <![CDATA[Windows]]>
              </value>
            </param>
            <param index="1">
              <value>
                <![CDATA[chrome]]>
              </value>
            </param>
          </params>
          <reporter-output>
          </reporter-output>
        </test-method> <!-- setupBrowser -->
        <test-method signature="Reg_test()[pri:0, instance:testCases.TC_001_RegistrationTest@e84a8e1]" started-at="2024-10-06T12:42:52 BDT" name="Reg_test" finished-at="2024-10-06T12:42:54 BDT" duration-ms="2529" status="PASS">
          <reporter-output>
          </reporter-output>
        </test-method> <!-- Reg_test -->
        <test-method is-config="true" signature="closetest()[pri:0, instance:testCases.TC_001_RegistrationTest@e84a8e1]" started-at="2024-10-06T12:42:54 BDT" name="closetest" finished-at="2024-10-06T12:42:54 BDT" duration-ms="324" status="PASS">
          <reporter-output>
          </reporter-output>
        </test-method> <!-- closetest -->
      </class> <!-- testCases.TC_001_RegistrationTest -->
    </test> <!-- Test -->
  </suite> <!-- Suite -->
</testng-results>
